<?xml version="1.0" encoding="UTF-8" standalone="yes"?><!DOCTYPE report PUBLIC "-//JACOCO//DTD Report 1.0//EN" "report.dtd"><report name="JaCoCo"><sessioninfo id="macdeMacBook-Pro-4.local-949f1709" start="1574162476642" dump="1574162482249"/><sessioninfo id="macdeMacBook-Pro-4.local-8c6fc7e1" start="1574162762820" dump="1574162768777"/><sessioninfo id="macdeMacBook-Pro-4.local-d4815cd4" start="1574162837002" dump="1574162842548"/><sessioninfo id="macdeMacBook-Pro-4.local-bd735859" start="1574163014766" dump="1574163020362"/><sessioninfo id="macdeMacBook-Pro-4.local-a2890062" start="1574163122993" dump="1574163128666"/><sessioninfo id="macdeMacBook-Pro-4.local-e52d2a34" start="1574164313524" dump="1574164319200"/><sessioninfo id="macdeMacBook-Pro-4.local-1723539f" start="1574164493258" dump="1574164498880"/><sessioninfo id="macdeMacBook-Pro-4.local-7a87f2d5" start="1574164960319" dump="1574164965959"/><sessioninfo id="macdeMacBook-Pro-4.local-b40d7b88" start="1574165133266" dump="1574165138877"/><sessioninfo id="macdeMacBook-Pro-4.local-87b74070" start="1574216509210" dump="1574216515312"/><sessioninfo id="macdeMacBook-Pro-4.local-e8797a6d" start="1574216757952" dump="1574216763563"/><sessioninfo id="macdeMacBook-Pro-4.local-369e3baf" start="1574217328552" dump="1574217334121"/><sessioninfo id="macdeMacBook-Pro-4.local-3ca647bd" start="1574217477626" dump="1574217483279"/><sessioninfo id="macdeMacBook-Pro-4.local-e790dc10" start="1574227636737" dump="1574227642319"/><sessioninfo id="macdeMacBook-Pro-4.local-682eae6c" start="1574228480740" dump="1574228486558"/><sessioninfo id="macdeMacBook-Pro-4.local-bca109b3" start="1574228547755" dump="1574228553291"/><sessioninfo id="macdeMacBook-Pro-4.local-471f002d" start="1574228721788" dump="1574228727313"/><sessioninfo id="macdeMacBook-Pro-4.local-e7eb7928" start="1574229344765" dump="1574229350334"/><sessioninfo id="macdeMacBook-Pro-4.local-3b64bd08" start="1574229510130" dump="1574229515687"/><sessioninfo id="macdeMacBook-Pro-4.local-f546370c" start="1574235578171" dump="1574235583756"/><sessioninfo id="macdeMacBook-Pro-4.local-e1100643" start="1574237101122" dump="1574237106747"/><sessioninfo id="macdeMacBook-Pro-4.local-ebbedf98" start="1574237256522" dump="1574237262102"/><sessioninfo id="macdeMacBook-Pro-4.local-8e97ff5a" start="1574237427942" dump="1574237433507"/><sessioninfo id="macdeMacBook-Pro-4.local-70766eb" start="1574237649186" dump="1574237654801"/><sessioninfo id="macdeMacBook-Pro-4.local-c9ec1c6" start="1574237952473" dump="1574237958067"/><sessioninfo id="macdeMacBook-Pro-4.local-8a787f80" start="1574238009212" dump="1574238014786"/><sessioninfo id="macdeMacBook-Pro-4.local-3e400620" start="1574238143827" dump="1574238149355"/><sessioninfo id="macdeMacBook-Pro-4.local-6601e9a" start="1574238618837" dump="1574238624440"/><sessioninfo id="macdeMacBook-Pro-4.local-7499ab41" start="1574239077276" dump="1574239082806"/><sessioninfo id="macdeMacBook-Pro-4.local-37c8ba78" start="1574304569033" dump="1574304574666"/><sessioninfo id="macdeMacBook-Pro-4.local-49fc64f8" start="1574304681001" dump="1574304686689"/><sessioninfo id="macdeMacBook-Pro-4.local-5f776091" start="1574305047428" dump="1574305053094"/><sessioninfo id="macdeMacBook-Pro-4.local-9065bdd0" start="1574305094228" dump="1574305099848"/><sessioninfo id="macdeMacBook-Pro-4.local-8e21aaf1" start="1574305114268" dump="1574305119863"/><sessioninfo id="macdeMacBook-Pro-4.local-5552a261" start="1574305166218" dump="1574305171864"/><sessioninfo id="macdeMacBook-Pro-4.local-2a06f40d" start="1574305216733" dump="1574305222360"/><sessioninfo id="macdeMacBook-Pro-4.local-ab911899" start="1574305245550" dump="1574305251181"/><sessioninfo id="macdeMacBook-Pro-4.local-99a89792" start="1574305614956" dump="1574305620650"/><sessioninfo id="macdeMacBook-Pro-4.local-42e7358a" start="1574305638407" dump="1574305643999"/><sessioninfo id="macdeMacBook-Pro-4.local-351c6ec8" start="1574305686647" dump="1574305692225"/><sessioninfo id="macdeMacBook-Pro-4.local-64c4d6ed" start="1574305964472" dump="1574305970201"/><sessioninfo id="macdeMacBook-Pro-4.local-60e85095" start="1574306015154" dump="1574306020739"/><sessioninfo id="macdeMacBook-Pro-4.local-aa214c41" start="1574306183989" dump="1574306189639"/><sessioninfo id="macdeMacBook-Pro-4.local-428c7f81" start="1574306207371" dump="1574306213128"/><sessioninfo id="macdeMacBook-Pro-4.local-f65b5cde" start="1574306296753" dump="1574306302438"/><sessioninfo id="macdeMacBook-Pro-4.local-1db06ba8" start="1574306364987" dump="1574306370679"/><sessioninfo id="macdeMacBook-Pro-4.local-6a54ffdd" start="1574306406923" dump="1574306412496"/><sessioninfo id="macdeMacBook-Pro-4.local-d4f61dbc" start="1574306579713" dump="1574306585336"/><sessioninfo id="macdeMacBook-Pro-4.local-6af90dbb" start="1574306644796" dump="1574306650481"/><sessioninfo id="macdeMacBook-Pro-4.local-6625106" start="1574306742425" dump="1574306748039"/><sessioninfo id="macdeMacBook-Pro-4.local-7525188e" start="1574306819982" dump="1574306825663"/><sessioninfo id="macdeMacBook-Pro-4.local-4a3442f5" start="1574307012399" dump="1574307018041"/><sessioninfo id="macdeMacBook-Pro-4.local-7878bf86" start="1574307049994" dump="1574307055574"/><sessioninfo id="macdeMacBook-Pro-4.local-189ddc04" start="1574307136291" dump="1574307141917"/><sessioninfo id="macdeMacBook-Pro-4.local-dde96445" start="1574307696990" dump="1574307702565"/><sessioninfo id="macdeMacBook-Pro-4.local-cb84e924" start="1574307751878" dump="1574307757407"/><sessioninfo id="macdeMacBook-Pro-4.local-bc1ba780" start="1574307825007" dump="1574307830595"/><sessioninfo id="macdeMacBook-Pro-4.local-3afdf2aa" start="1574313865081" dump="1574313870654"/><sessioninfo id="macdeMacBook-Pro-4.local-a9000e36" start="1574648460452" dump="1574648466066"/><package name="com/test/jacoco"><class name="com/test/jacoco/HelloWorld"><method name="&lt;init&gt;" desc="()V" line="7"><counter type="INSTRUCTION" missed="0" covered="3"/><counter type="LINE" missed="0" covered="2"/><counter type="COMPLEXITY" missed="0" covered="1"/><counter type="METHOD" missed="0" covered="1"/></method><method name="Method1" desc="()Ljava/lang/String;" line="12"><counter type="INSTRUCTION" missed="0" covered="2"/><counter type="LINE" missed="0" covered="1"/><counter type="COMPLEXITY" missed="0" covered="1"/><counter type="METHOD" missed="0" covered="1"/></method><method name="Method2" desc="(II)I" line="16"><counter type="INSTRUCTION" missed="0" covered="4"/><counter type="LINE" missed="0" covered="1"/><counter type="COMPLEXITY" missed="0" covered="1"/><counter type="METHOD" missed="0" covered="1"/></method><method name="Method3" desc="(III)I" line="20"><counter type="INSTRUCTION" missed="0" covered="26"/><counter type="BRANCH" missed="0" covered="10"/><counter type="LINE" missed="0" covered="6"/><counter type="COMPLEXITY" missed="0" covered="6"/><counter type="METHOD" missed="0" covered="1"/></method><method name="Method4" desc="(IIIIF)I" line="32"><counter type="INSTRUCTION" missed="0" covered="25"/><counter type="BRANCH" missed="0" covered="8"/><counter type="LINE" missed="0" covered="7"/><counter type="COMPLEXITY" missed="0" covered="5"/><counter type="METHOD" missed="0" covered="1"/></method><method name="bug" desc="(I)Z" line="43"><counter type="INSTRUCTION" missed="0" covered="7"/><counter type="BRANCH" missed="0" covered="2"/><counter type="LINE" missed="0" covered="2"/><counter type="COMPLEXITY" missed="0" covered="2"/><counter type="METHOD" missed="0" covered="1"/></method><method name="isTriangle" desc="(III)Z" line="53"><counter type="INSTRUCTION" missed="0" covered="27"/><counter type="BRANCH" missed="0" covered="12"/><counter type="LINE" missed="0" covered="5"/><counter type="COMPLEXITY" missed="0" covered="7"/><counter type="METHOD" missed="0" covered="1"/></method><method name="isBirthday" desc="(III)Z" line="68"><counter type="INSTRUCTION" missed="0" covered="135"/><counter type="BRANCH" missed="0" covered="68"/><counter type="LINE" missed="0" covered="25"/><counter type="COMPLEXITY" missed="0" covered="35"/><counter type="METHOD" missed="0" covered="1"/></method><method name="miniCalculator" desc="(DDC)Ljava/lang/Double;" line="107"><counter type="INSTRUCTION" missed="0" covered="29"/><counter type="BRANCH" missed="0" covered="5"/><counter type="LINE" missed="0" covered="12"/><counter type="COMPLEXITY" missed="0" covered="5"/><counter type="METHOD" missed="0" covered="1"/></method><counter type="INSTRUCTION" missed="0" covered="258"/><counter type="BRANCH" missed="0" covered="105"/><counter type="LINE" missed="0" covered="61"/><counter type="COMPLEXITY" missed="0" covered="63"/><counter type="METHOD" missed="0" covered="9"/><counter type="CLASS" missed="0" covered="1"/></class><sourcefile name="HelloWorld.java"><line nr="7" mi="0" ci="2" mb="0" cb="0"/><line nr="9" mi="0" ci="1" mb="0" cb="0"/><line nr="12" mi="0" ci="2" mb="0" cb="0"/><line nr="16" mi="0" ci="4" mb="0" cb="0"/><line nr="20" mi="0" ci="7" mb="0" cb="6"/><line nr="21" mi="0" ci="4" mb="0" cb="0"/><line nr="23" mi="0" ci="6" mb="0" cb="4"/><line nr="24" mi="0" ci="4" mb="0" cb="0"/><line nr="27" mi="0" ci="3" mb="0" cb="0"/><line nr="29" mi="0" ci="2" mb="0" cb="0"/><line nr="32" mi="0" ci="2" mb="0" cb="2"/><line nr="33" mi="0" ci="2" mb="0" cb="0"/><line nr="35" mi="0" ci="2" mb="0" cb="0"/><line nr="36" mi="0" ci="10" mb="0" cb="6"/><line nr="37" mi="0" ci="2" mb="0" cb="0"/><line nr="39" mi="0" ci="5" mb="0" cb="0"/><line nr="40" mi="0" ci="2" mb="0" cb="0"/><line nr="43" mi="0" ci="5" mb="0" cb="2"/><line nr="44" mi="0" ci="2" mb="0" cb="0"/><line nr="53" mi="0" ci="6" mb="0" cb="6"/><line nr="54" mi="0" ci="2" mb="0" cb="0"/><line nr="56" mi="0" ci="15" mb="0" cb="6"/><line nr="57" mi="0" ci="2" mb="0" cb="0"/><line nr="59" mi="0" ci="2" mb="0" cb="0"/><line nr="68" mi="0" ci="6" mb="0" cb="4"/><line nr="69" mi="0" ci="2" mb="0" cb="0"/><line nr="72" mi="0" ci="8" mb="0" cb="2"/><line nr="73" mi="0" ci="10" mb="0" cb="4"/><line nr="74" mi="0" ci="10" mb="0" cb="4"/><line nr="75" mi="0" ci="10" mb="0" cb="4"/><line nr="76" mi="0" ci="10" mb="0" cb="4"/><line nr="78" mi="0" ci="21" mb="0" cb="14"/><line nr="79" mi="0" ci="2" mb="0" cb="2"/><line nr="80" mi="0" ci="2" mb="0" cb="0"/><line nr="81" mi="0" ci="12" mb="0" cb="8"/><line nr="82" mi="0" ci="2" mb="0" cb="2"/><line nr="83" mi="0" ci="2" mb="0" cb="0"/><line nr="84" mi="0" ci="3" mb="0" cb="2"/><line nr="85" mi="0" ci="4" mb="0" cb="4"/><line nr="86" mi="0" ci="2" mb="0" cb="0"/><line nr="87" mi="0" ci="4" mb="0" cb="4"/><line nr="88" mi="0" ci="2" mb="0" cb="0"/><line nr="90" mi="0" ci="2" mb="0" cb="0"/><line nr="92" mi="0" ci="3" mb="0" cb="2"/><line nr="93" mi="0" ci="6" mb="0" cb="4"/><line nr="94" mi="0" ci="2" mb="0" cb="0"/><line nr="95" mi="0" ci="6" mb="0" cb="4"/><line nr="96" mi="0" ci="2" mb="0" cb="0"/><line nr="99" mi="0" ci="2" mb="0" cb="0"/><line nr="107" mi="0" ci="2" mb="0" cb="0"/><line nr="108" mi="0" ci="2" mb="0" cb="5"/><line nr="110" mi="0" ci="4" mb="0" cb="0"/><line nr="111" mi="0" ci="1" mb="0" cb="0"/><line nr="113" mi="0" ci="4" mb="0" cb="0"/><line nr="114" mi="0" ci="1" mb="0" cb="0"/><line nr="116" mi="0" ci="4" mb="0" cb="0"/><line nr="117" mi="0" ci="1" mb="0" cb="0"/><line nr="119" mi="0" ci="4" mb="0" cb="0"/><line nr="120" mi="0" ci="1" mb="0" cb="0"/><line nr="122" mi="0" ci="2" mb="0" cb="0"/><line nr="126" mi="0" ci="3" mb="0" cb="0"/><counter type="INSTRUCTION" missed="0" covered="258"/><counter type="BRANCH" missed="0" covered="105"/><counter type="LINE" missed="0" covered="61"/><counter type="COMPLEXITY" missed="0" covered="63"/><counter type="METHOD" missed="0" covered="9"/><counter type="CLASS" missed="0" covered="1"/></sourcefile><counter type="INSTRUCTION" missed="0" covered="258"/><counter type="BRANCH" missed="0" covered="105"/><counter type="LINE" missed="0" covered="61"/><counter type="COMPLEXITY" missed="0" covered="63"/><counter type="METHOD" missed="0" covered="9"/><counter type="CLASS" missed="0" covered="1"/></package><counter type="INSTRUCTION" missed="0" covered="258"/><counter type="BRANCH" missed="0" covered="105"/><counter type="LINE" missed="0" covered="61"/><counter type="COMPLEXITY" missed="0" covered="63"/><counter type="METHOD" missed="0" covered="9"/><counter type="CLASS" missed="0" covered="1"/></report>